Vivado Simulator 2019.1
Copyright 1986-1999, 2001-2019 Xilinx, Inc. All Rights Reserved.
Running: C:/Xilinx/Vivado/2019.1/bin/unwrapped/win64.o/xelab.exe -wto 7dbb96cd62f44592ac4329061ad00598 --incr --debug typical --relax --mt 2 -L xil_defaultlib -L unisims_ver -L unimacro_ver -L secureip --snapshot multipier_tb_behav xil_defaultlib.multipier_tb xil_defaultlib.glbl -log elaborate.log 
Using 2 slave threads.
Starting static elaboration
WARNING: [VRFC 10-3091] actual bit length 3 differs from formal bit length 2 for port 'shift' [C:/Users/Ali/Documents/cmpe_125_lab_5/task_1/task_1.srcs/sources_1/new/multiplier.v:2]
WARNING: [VRFC 10-3091] actual bit length 8 differs from formal bit length 4 for port 'a' [C:/Users/Ali/Documents/cmpe_125_lab_5/task_1/task_1.srcs/sources_1/imports/new/cla.v:5]
WARNING: [VRFC 10-3091] actual bit length 3 differs from formal bit length 2 for port 'shift' [C:/Users/Ali/Documents/cmpe_125_lab_5/task_1/task_1.srcs/sources_1/new/multiplier.v:3]
WARNING: [VRFC 10-3091] actual bit length 3 differs from formal bit length 2 for port 'shift' [C:/Users/Ali/Documents/cmpe_125_lab_5/task_1/task_1.srcs/sources_1/new/multiplier.v:4]
WARNING: [VRFC 10-3091] actual bit length 3 differs from formal bit length 2 for port 'shift' [C:/Users/Ali/Documents/cmpe_125_lab_5/task_1/task_1.srcs/sources_1/new/multiplier.v:5]
Completed static elaboration
Starting simulation data flow analysis
WARNING: [XSIM 43-4100] "C:/Users/Ali/Documents/cmpe_125_lab_5/task_1/task_1.sim/sim_1/behav/xsim/glbl.v" Line 6. Module glbl has a timescale but at least one module in design doesn't have timescale.
Completed simulation data flow analysis
Time Resolution for simulation is 1ps
Compiling module xil_defaultlib.pp
Compiling module xil_defaultlib.and2
Compiling module xil_defaultlib.xor2
Compiling module xil_defaultlib.half_adder
Compiling module xil_defaultlib.cla
Compiling module xil_defaultlib.multiplier
Compiling module xil_defaultlib.multipier_tb
Compiling module xil_defaultlib.glbl
Built simulation snapshot multipier_tb_behav
